*** Starting uWSGI 2.0.20 (64bit) on [Thu Jan  5 17:45:03 2023] ***
compiled with version: Homebrew Clang 12.0.1 on 24 October 2022 02:02:00
os: Darwin-21.4.0 Darwin Kernel Version 21.4.0: Fri Mar 18 00:47:26 PDT 2022; root:xnu-8020.101.4~15/RELEASE_ARM64_T8101
nodename: jingzihaodeMacBook-Air.local
machine: arm64
clock source: unix
pcre jit disabled
detected number of CPU cores: 8
current working directory: /Users/fancy/工训中心工具管理/Tool_manage_BUAA/后端文件
writing pidfile to /Users/fancy/工训中心工具管理/Tool_manage_BUAA/后端文件/uwsgi/uwsgi.pid
detected binary path: /opt/homebrew/bin/uwsgi
chdir() to /Users/fancy/工训中心工具管理/Tool_manage_BUAA/后端文件
your processes number limit is 1333
your memory page size is 16384 bytes
 *** WARNING: you have enabled harakiri without post buffering. Slow upload could be rejected on post-unbuffered webservers *** 
detected max file descriptor number: 1048575
lock engine: OSX spinlocks
thunder lock: disabled (you can enable it with --thunder-lock)
uWSGI http bound on :8080 fd 7
uwsgi socket 0 bound to TCP address 127.0.0.1:61817 (port auto-assigned) fd 6
Python version: 3.9.6 (default, Jun 28 2021, 19:24:41)  [Clang 12.0.5 (clang-1205.0.22.9)]
Set PythonHome to /opt/homebrew/bin
Python path configuration:
  PYTHONHOME = '/opt/homebrew/bin'
  PYTHONPATH = (not set)
  program name = '/opt/homebrew/bin/bin/python'
  isolated = 0
  environment = 1
  user site = 1
  import site = 1
  sys._base_executable = '/opt/homebrew/bin/bin/python'
  sys.base_prefix = '/opt/homebrew/bin'
  sys.base_exec_prefix = '/opt/homebrew/bin'
  sys.platlibdir = 'lib'
  sys.executable = '/opt/homebrew/bin/bin/python'
  sys.prefix = '/opt/homebrew/bin'
  sys.exec_prefix = '/opt/homebrew/bin'
  sys.path = [
    '/opt/homebrew/bin/lib/python39.zip',
    '/opt/homebrew/bin/lib/python3.9',
    '/opt/homebrew/bin/lib/python3.9/lib-dynload',
*** Starting uWSGI 2.0.20 (64bit) on [Thu Jan  5 17:53:04 2023] ***
compiled with version: Homebrew Clang 12.0.1 on 24 October 2022 02:02:00
os: Darwin-21.4.0 Darwin Kernel Version 21.4.0: Fri Mar 18 00:47:26 PDT 2022; root:xnu-8020.101.4~15/RELEASE_ARM64_T8101
nodename: jingzihaodeMacBook-Air.local
machine: arm64
clock source: unix
pcre jit disabled
detected number of CPU cores: 8
current working directory: /Users/fancy/工训中心工具管理/Tool_manage_BUAA/后端文件
writing pidfile to /Users/fancy/工训中心工具管理/Tool_manage_BUAA/后端文件/uwsgi/uwsgi.pid
detected binary path: /opt/homebrew/bin/uwsgi
chdir() to /Users/fancy/工训中心工具管理/Tool_manage_BUAA/后端文件
your processes number limit is 1333
your memory page size is 16384 bytes
 *** WARNING: you have enabled harakiri without post buffering. Slow upload could be rejected on post-unbuffered webservers *** 
detected max file descriptor number: 1048575
lock engine: OSX spinlocks
thunder lock: disabled (you can enable it with --thunder-lock)
uWSGI http bound on :8080 fd 7
uwsgi socket 0 bound to TCP address 127.0.0.1:65330 (port auto-assigned) fd 6
Python version: 3.9.6 (default, Jun 28 2021, 19:24:41)  [Clang 12.0.5 (clang-1205.0.22.9)]
Set PythonHome to /opt/homebrew/bin
Python path configuration:
  PYTHONHOME = '/opt/homebrew/bin'
  PYTHONPATH = (not set)
  program name = '/opt/homebrew/bin/bin/python'
  isolated = 0
  environment = 1
  user site = 1
  import site = 1
  sys._base_executable = '/opt/homebrew/bin/bin/python'
  sys.base_prefix = '/opt/homebrew/bin'
  sys.base_exec_prefix = '/opt/homebrew/bin'
  sys.platlibdir = 'lib'
  sys.executable = '/opt/homebrew/bin/bin/python'
  sys.prefix = '/opt/homebrew/bin'
  sys.exec_prefix = '/opt/homebrew/bin'
  sys.path = [
    '/opt/homebrew/bin/lib/python39.zip',
    '/opt/homebrew/bin/lib/python3.9',
    '/opt/homebrew/bin/lib/python3.9/lib-dynload',
